android/HomeViewer/build/intermediates/manifest_merge_blame_file/debug/manifest-merger-blame-debug-report.txt
1<?xml version="1.0" encoding="utf-8"?>
2<manifest xmlns:android="http://schemas.android.com/apk/res/android"
3    package="com.app.homeViewer" >
4
5    <uses-sdk
6        android:minSdkVersion="21"
6-->src/main/AndroidManifest.xml
7        android:targetSdkVersion="31" />
7-->src/main/AndroidManifest.xml
8
9    <uses-permission android:name="android.permission.INTERNET" />
9-->src/main/AndroidManifest.xml:5:5-67
9-->src/main/AndroidManifest.xml:5:22-64
10    <uses-permission android:name="android.permission.CAMERA" />
10-->src/main/AndroidManifest.xml:6:5-65
10-->src/main/AndroidManifest.xml:6:22-62
11    <uses-permission android:name="android.permission.WRITE_EXTERNAL_STORAGE" />
11-->src/main/AndroidManifest.xml:7:5-81
11-->src/main/AndroidManifest.xml:7:22-78
12    <!--
13    Indicates that app requires ARCore ("AR Required"). Ensures app is only
14     visible in the Google Play Store on devices that support ARCore.
15     For "AR Optional" apps remove this line.
16    -->
17    <uses-feature
17-->src/main/AndroidManifest.xml:13:5-15:36
18        android:name="android.hardware.camera.ar"
18-->src/main/AndroidManifest.xml:14:9-50
19        android:required="false" />
19-->src/main/AndroidManifest.xml:15:9-33
20
21    <application
21-->src/main/AndroidManifest.xml:17:5-40:19
22        android:allowBackup="false"
22-->src/main/AndroidManifest.xml:18:9-36
23        android:icon="@mipmap/ic_launcher"
23-->src/main/AndroidManifest.xml:19:9-43
24        android:label="@string/app_name"
24-->src/main/AndroidManifest.xml:20:9-41
25        android:supportsRtl="true"
25-->src/main/AndroidManifest.xml:21:9-35
26        android:theme="@style/AppTheme" >
26-->src/main/AndroidManifest.xml:22:9-40
27        <meta-data
27-->src/main/AndroidManifest.xml:24:9-26:40
28            android:name="com.google.ar.core"
28-->src/main/AndroidManifest.xml:25:13-46
29            android:value="optional" />
29-->src/main/AndroidManifest.xml:26:13-37
30
31        <activity
31-->src/main/AndroidManifest.xml:28:9-32:72
32            android:name="com.app.homeViewer.fileDownload.FileDownloadActivity"
32-->src/main/AndroidManifest.xml:29:13-62
33            android:configChanges="keyboard|keyboardHidden|screenLayout|screenSize|orientation|uiMode"
33-->src/main/AndroidManifest.xml:30:13-103
34            android:screenOrientation="portrait"
34-->src/main/AndroidManifest.xml:31:13-49
35            android:theme="@style/Theme.AppCompat.Light.NoActionBar" />
35-->src/main/AndroidManifest.xml:32:13-69
36        <activity
36-->src/main/AndroidManifest.xml:34:9-38:72
37            android:name="com.app.homeViewer.HomeViewerActivity"
37-->src/main/AndroidManifest.xml:35:13-47
38            android:configChanges="keyboard|keyboardHidden|screenLayout|screenSize|orientation|uiMode"
38-->src/main/AndroidManifest.xml:36:13-103
39            android:screenOrientation="portrait"
39-->src/main/AndroidManifest.xml:37:13-49
40            android:theme="@style/Theme.AppCompat.Light.NoActionBar" />
40-->src/main/AndroidManifest.xml:38:13-69
41    </application>
42
43</manifest>